<?xml version="1.0" encoding="UTF-8"?>
<!-- Generated by org.testng.reporters.JUnitXMLReporter -->
<testsuite ignored="0" hostname="Muge-MacBook-Pro.local" failures="1" tests="1" name="Command line test" time="37.896" errors="0" timestamp="2023-01-25T21:18:44 TRT">
  <testcase classname="blupayTests.appiumTests.appiumTests" name="loginTest" time="2.472">
    <failure type="java.lang.AssertionError" message="expected [Merhaba, Çağrı] but found [Giriş]">
      <![CDATA[java.lang.AssertionError: expected [Merhaba, Çağrı] but found [Giriş]
at blupayTests.appiumTests.appiumTests.loginTest(appiumTests.java:54)
at java.base/java.util.ArrayList.forEach(ArrayList.java:1511)
... Removed 42 stack frames]]>
    </failure>
  </testcase> <!-- loginTest -->
</testsuite> <!-- Command line test -->
